<?xml version="1.0" encoding="UTF-8"?>
<!-- Generated by org.testng.reporters.JUnitXMLReporter -->
<testsuite ignored="0" hostname="gatmayt" failures="0" tests="6" name="Test" time="0.104" errors="0" timestamp="2022-02-12T17:25:32 IST">
  <testcase classname="advanceselenium.Demotest1" name="m1" time="0.017"/>
  <testcase classname="advanceselenium.Demotest1" name="m2" time="0.002"/>
  <testcase classname="advanceselenium.Demotest1" name="m3" time="0.002">
    <skipped/>
  </testcase> <!-- m3 -->
  <testcase classname="advanceselenium.Demotest2" name="m1" time="0.003"/>
  <testcase classname="advanceselenium.Demotest2" name="m2" time="0.002"/>
  <testcase classname="advanceselenium.Demotest2" name="m3" time="0.002">
    <skipped/>
  </testcase> <!-- m3 -->
</testsuite> <!-- Test -->
