<?xml version="1.0" encoding="UTF-8"?>
<testng-results skipped="0" failed="0" ignored="0" total="1" passed="1">
  <reporter-output>
  </reporter-output>
  <suite name="Default suite" duration-ms="56" started-at="2022-03-11T03:54:12Z" finished-at="2022-03-11T03:54:12Z">
    <groups>
    </groups>
    <test name="Default test" duration-ms="56" started-at="2022-03-11T03:54:12Z" finished-at="2022-03-11T03:54:12Z">
      <class name="com.maventests.Dashboard">
        <test-method status="PASS" signature="test02()[pri:0, instance:com.maventests.Dashboard@5d47c63f]" name="test02" duration-ms="15" started-at="2022-03-11T03:54:12Z" finished-at="2022-03-11T03:54:12Z">
          <reporter-output>
          </reporter-output>
        </test-method> <!-- test02 -->
      </class> <!-- com.maventests.Dashboard -->
    </test> <!-- Default test -->
  </suite> <!-- Default suite -->
</testng-results>
