<?xml version="1.0" encoding="UTF-8"?>
<testng-results skipped="1" failed="0" ignored="0" total="3" passed="2">
  <reporter-output>
  </reporter-output>
  <suite name="Default suite" duration-ms="68" started-at="2022-03-09T16:28:35 IST" finished-at="2022-03-09T16:28:35 IST">
    <groups>
    </groups>
    <test name="Default test" duration-ms="68" started-at="2022-03-09T16:28:35 IST" finished-at="2022-03-09T16:28:35 IST">
      <class name="advanceselenium.Demotest2">
        <test-method status="PASS" signature="m1()[pri:0, instance:advanceselenium.Demotest2@4bbfb90a]" name="m1" duration-ms="13" started-at="2022-03-09T16:28:35 IST" finished-at="2022-03-09T16:28:35 IST">
          <reporter-output>
          </reporter-output>
        </test-method> <!-- m1 -->
        <test-method status="PASS" signature="m2()[pri:0, instance:advanceselenium.Demotest2@4bbfb90a]" name="m2" duration-ms="2" started-at="2022-03-09T16:28:35 IST" finished-at="2022-03-09T16:28:35 IST">
          <reporter-output>
          </reporter-output>
        </test-method> <!-- m2 -->
        <test-method status="SKIP" signature="m3()[pri:0, instance:advanceselenium.Demotest2@4bbfb90a]" name="m3" duration-ms="1" started-at="2022-03-09T16:28:35 IST" finished-at="2022-03-09T16:28:35 IST">
          <exception class="org.testng.SkipException">
            <message>
              <![CDATA[Skipping a testcse]]>
            </message>
            <full-stacktrace>
              <![CDATA[org.testng.SkipException: Skipping a testcse
at advanceselenium.Demotest2.m3(Demotest2.java:25)
at sun.reflect.NativeMethodAccessorImpl.invoke0(Native Method)
at sun.reflect.NativeMethodAccessorImpl.invoke(NativeMethodAccessorImpl.java:62)
at sun.reflect.DelegatingMethodAccessorImpl.invoke(DelegatingMethodAccessorImpl.java:43)
at java.lang.reflect.Method.invoke(Method.java:498)
at org.testng.internal.MethodInvocationHelper.invokeMethod(MethodInvocationHelper.java:133)
at org.testng.internal.TestInvoker.invokeMethod(TestInvoker.java:598)
at org.testng.internal.TestInvoker.invokeTestMethod(TestInvoker.java:173)
at org.testng.internal.MethodRunner.runInSequence(MethodRunner.java:46)
at org.testng.internal.TestInvoker$MethodInvocationAgent.invoke(TestInvoker.java:824)
at org.testng.internal.TestInvoker.invokeTestMethods(TestInvoker.java:146)
at org.testng.internal.TestMethodWorker.invokeTestMethods(TestMethodWorker.java:146)
at org.testng.internal.TestMethodWorker.run(TestMethodWorker.java:128)
at java.util.ArrayList.forEach(ArrayList.java:1249)
at org.testng.TestRunner.privateRun(TestRunner.java:794)
at org.testng.TestRunner.run(TestRunner.java:596)
at org.testng.SuiteRunner.runTest(SuiteRunner.java:377)
at org.testng.SuiteRunner.runSequentially(SuiteRunner.java:371)
at org.testng.SuiteRunner.privateRun(SuiteRunner.java:332)
at org.testng.SuiteRunner.run(SuiteRunner.java:276)
at org.testng.SuiteRunnerWorker.runSuite(SuiteRunnerWorker.java:53)
at org.testng.SuiteRunnerWorker.run(SuiteRunnerWorker.java:96)
at org.testng.TestNG.runSuitesSequentially(TestNG.java:1212)
at org.testng.TestNG.runSuitesLocally(TestNG.java:1134)
at org.testng.TestNG.runSuites(TestNG.java:1063)
at org.testng.TestNG.run(TestNG.java:1031)
at org.testng.remote.AbstractRemoteTestNG.run(AbstractRemoteTestNG.java:115)
at org.testng.remote.RemoteTestNG.initAndRun(RemoteTestNG.java:251)
at org.testng.remote.RemoteTestNG.main(RemoteTestNG.java:77)
]]>
            </full-stacktrace>
          </exception> <!-- org.testng.SkipException -->
          <reporter-output>
          </reporter-output>
        </test-method> <!-- m3 -->
      </class> <!-- advanceselenium.Demotest2 -->
    </test> <!-- Default test -->
  </suite> <!-- Default suite -->
</testng-results>
