<?xml version="1.0" encoding="UTF-8"?>
<!-- Generated by org.testng.reporters.JUnitXMLReporter -->
<testsuite hostname="gatmayt" ignored="0" name="Default test" tests="3" failures="0" timestamp="2022-03-09T16:28:35 IST" time="0.068" errors="0">
  <testcase name="m1" time="0.013" classname="advanceselenium.Demotest2"/>
  <testcase name="m2" time="0.002" classname="advanceselenium.Demotest2"/>
  <testcase name="m3" time="0.001" classname="advanceselenium.Demotest2">
    <skipped/>
  </testcase> <!-- m3 -->
</testsuite> <!-- Default test -->
